<?xml version="1.0" encoding="UTF-8"?>
<!-- Generated by org.testng.reporters.JUnitReportReporter -->
<testsuite hostname="TLPSYS8-PC" name="keyword.Driver" tests="1" failures="0" timestamp="28 Aug 2018 04:09:46 GMT" time="12.648" errors="0">
  <testcase name="KeywordOperations" time="12.648" classname="keyword.Driver"/>
</testsuite> <!-- keyword.Driver -->
